{"name": "test_get_all_users", "status": "failed", "statusDetails": {"message": "AssertionError: <?xml version=\"1.0\" encoding=\"UTF-8\" standalone=\"yes\"?><apiResponse><message>null for uri: http://petstore.swagger.io/v2/users</message><type>unknown</type></apiResponse>\nassert 404 == 200\n +  where 404 = <Response [404]>.status_code", "trace": "self = <tests.test_user_operations.TestUserOperations object at 0x00000231683AC260>\nuser_page = <pages.user_page.UserPage object at 0x000002316824F4A0>\n\n    def test_get_all_users(self, user_page):\n        with allure.step(\"Получение списка всех пользователей\"):\n            response = user_page.get_all_users()\n>           assert response.status_code == 200, response.text\nE           AssertionError: <?xml version=\"1.0\" encoding=\"UTF-8\" standalone=\"yes\"?><apiResponse><message>null for uri: http://petstore.swagger.io/v2/users</message><type>unknown</type></apiResponse>\nE           assert 404 == 200\nE            +  where 404 = <Response [404]>.status_code\n\ntest_user_operations.py:146: AssertionError"}, "steps": [{"name": "Получение списка всех пользователей", "status": "failed", "statusDetails": {"message": "AssertionError: <?xml version=\"1.0\" encoding=\"UTF-8\" standalone=\"yes\"?><apiResponse><message>null for uri: http://petstore.swagger.io/v2/users</message><type>unknown</type></apiResponse>\nassert 404 == 200\n +  where 404 = <Response [404]>.status_code\n", "trace": "  File \"C:\\Users\\bbuld\\PycharmProjects\\PetShop\\tests\\test_user_operations.py\", line 146, in test_get_all_users\n    assert response.status_code == 200, response.text\n"}, "start": 1719732016036, "stop": 1719732017154}], "start": 1719732016036, "stop": 1719732017155, "uuid": "3058beb6-8d4d-4e2a-94c7-91944bb6dbf8", "historyId": "99a3cf7265e4174484f1899a40c4e6a3", "testCaseId": "99a3cf7265e4174484f1899a40c4e6a3", "fullName": "tests.test_user_operations.TestUserOperations#test_get_all_users", "labels": [{"name": "tag", "value": "@pytest.mark.usefixtures('user_page', 'user_data', 'created_user')"}, {"name": "parentSuite", "value": "tests"}, {"name": "suite", "value": "test_user_operations"}, {"name": "subSuite", "value": "TestUserOperations"}, {"name": "host", "value": "sanya"}, {"name": "thread", "value": "5316-MainThread"}, {"name": "framework", "value": "pytest"}, {"name": "language", "value": "cpython3"}, {"name": "package", "value": "tests.test_user_operations"}]}