{"name": "test_update_user_with_invalid_data", "status": "failed", "statusDetails": {"message": "AssertionError: {\"code\":200,\"type\":\"unknown\",\"message\":\"62\"}\nassert 200 == 400\n +  where 200 = <Response [200]>.status_code", "trace": "self = <tests.test_user_operations.TestUserOperations object at 0x000001F34206B5C0>\nuser_page = <pages.user_page.UserPage object at 0x000001F342094140>\ncreated_user = <config.data.user_data object at 0x000001F342094380>\n\n    def test_update_user_with_invalid_data(self, user_page, created_user):\n        with allure.step(\"Обновление данных пользователя с некорректными данными\"):\n            invalid_user_data = created_user\n            invalid_user_data.email = \"invalid-email\"  # Некорректный email\n            response = user_page.update_user(created_user.username, invalid_user_data.__dict__)\n>           assert response.status_code == 400, response.text\nE           AssertionError: {\"code\":200,\"type\":\"unknown\",\"message\":\"62\"}\nE           assert 200 == 400\nE            +  where 200 = <Response [200]>.status_code\n\ntest_user_operations.py:130: AssertionError"}, "steps": [{"name": "Обновление данных пользователя с некорректными данными", "status": "failed", "statusDetails": {"message": "AssertionError: {\"code\":200,\"type\":\"unknown\",\"message\":\"62\"}\nassert 200 == 400\n +  where 200 = <Response [200]>.status_code\n", "trace": "  File \"C:\\Users\\bbuld\\PycharmProjects\\PetShop\\tests\\test_user_operations.py\", line 130, in test_update_user_with_invalid_data\n    assert response.status_code == 400, response.text\n"}, "start": 1719732173755, "stop": 1719732174875}], "start": 1719732173755, "stop": 1719732174875, "uuid": "35afa157-f41a-4c69-bfab-362102ab232e", "historyId": "e0dd7f6e9a92092ac7043f940914c4ca", "testCaseId": "e0dd7f6e9a92092ac7043f940914c4ca", "fullName": "tests.test_user_operations.TestUserOperations#test_update_user_with_invalid_data", "labels": [{"name": "tag", "value": "@pytest.mark.usefixtures('user_page', 'user_data', 'created_user')"}, {"name": "parentSuite", "value": "tests"}, {"name": "suite", "value": "test_user_operations"}, {"name": "subSuite", "value": "TestUserOperations"}, {"name": "host", "value": "sanya"}, {"name": "thread", "value": "7924-MainThread"}, {"name": "framework", "value": "pytest"}, {"name": "language", "value": "cpython3"}, {"name": "package", "value": "tests.test_user_operations"}]}